{"total": {"lines":{"total":53,"covered":53,"skipped":0,"pct":100},"statements":{"total":53,"covered":53,"skipped":0,"pct":100},"functions":{"total":17,"covered":17,"skipped":0,"pct":100},"branches":{"total":19,"covered":19,"skipped":0,"pct":100}}
,"/Users/francescocolonna/Desktop/dev/zero-events/src/event-item.js": {"lines":{"total":7,"covered":7,"skipped":0,"pct":100},"functions":{"total":1,"covered":1,"skipped":0,"pct":100},"statements":{"total":7,"covered":7,"skipped":0,"pct":100},"branches":{"total":2,"covered":2,"skipped":0,"pct":100}}
,"/Users/francescocolonna/Desktop/dev/zero-events/src/events.js": {"lines":{"total":46,"covered":46,"skipped":0,"pct":100},"functions":{"total":16,"covered":16,"skipped":0,"pct":100},"statements":{"total":46,"covered":46,"skipped":0,"pct":100},"branches":{"total":17,"covered":17,"skipped":0,"pct":100}}
}
